
> library(tidyverse)
── Attaching packages ─────────────────────────────────────── tidyverse 1.3.0 ──
✔ ggplot2 3.2.1     ✔ purrr   0.3.3
✔ tibble  2.1.3     ✔ dplyr   0.8.3
✔ tidyr   1.0.0     ✔ stringr 1.4.0
✔ readr   1.3.1     ✔ forcats 0.4.0
── Conflicts ────────────────────────────────────────── tidyverse_conflicts() ──
✖ dplyr::filter() masks stats::filter()
✖ dplyr::lag()    masks stats::lag()

> library(readr)

> library(here)
here() starts at /mnt/local/slow_home/vilhuber/Workspace-non-encrypted/git/larsvilhuber/SyntheticLEAP

> basedir <- here::here()

> datadir <- file.path(basedir, "data")

> tabledir <- file.path(basedir, "tables")

> figuredir <- file.path(basedir, "r-graphs")

> mysave <- function(object) {
+     name = deparse(substitute(object))
+     print("---------- Saving -------------")
+     print(names(object))
+    .... [TRUNCATED] 
Parsed with column specification:
cols(
  X1 = col_character(),
  Private = col_character(),
  X3 = col_character(),
  Manufacturing = col_character(),
  X5 = col_character(),
  Private_1 = col_character(),
  X7 = col_character(),
  Manufacturing_1 = col_character(),
  X9 = col_character()
)
[1] "---- reading infile=Regression_coefficients_OLS2.csv --------"
[1] "X1"              "Private"         "X3"              "Manufacturing"  
[5] "X5"              "Private_1"       "X7"              "Manufacturing_1"
[9] "X9"             
Warning messages:
1: Missing column names filled in: 'X1' [1], 'X3' [3], 'X5' [5], 'X7' [7], 'X9' [9] 
2: Duplicated column names deduplicated: 'Private' => 'Private_1' [6], 'Manufacturing' => 'Manufacturing_1' [8] 
[1] "---------- Saving -------------"
[1] "name"      "type"      "sector"    "value"     "synthetic" "model"    
[7] "country"  
[1] "  ---> saving as reg_can_OLS2"
Parsed with column specification:
cols(
  X1 = col_character(),
  Private = col_character(),
  X3 = col_character(),
  Manufacturing = col_character(),
  X5 = col_character(),
  Private_1 = col_character(),
  X7 = col_character(),
  Manufacturing_1 = col_character(),
  X9 = col_character()
)
[1] "---- reading infile=Regression_coefficients_Dynamic2_GMM.csv --------"
[1] "X1"              "Private"         "X3"              "Manufacturing"  
[5] "X5"              "Private_1"       "X7"              "Manufacturing_1"
[9] "X9"             
Warning messages:
1: Missing column names filled in: 'X1' [1], 'X3' [3], 'X5' [5], 'X7' [7], 'X9' [9] 
2: Duplicated column names deduplicated: 'Private' => 'Private_1' [6], 'Manufacturing' => 'Manufacturing_1' [8] 
[1] "---------- Saving -------------"
[1] "name"      "type"      "sector"    "value"     "synthetic" "model"    
[7] "country"  
[1] "  ---> saving as reg_can_dyn2_gmm"
Parsed with column specification:
cols(
  X1 = col_character(),
  Private = col_character(),
  X3 = col_character(),
  Manufacturing = col_character(),
  X5 = col_character(),
  Private_1 = col_character(),
  X7 = col_character(),
  Manufacturing_1 = col_character(),
  X9 = col_character()
)
[1] "---- reading infile=Regression_coefficients_Dynamic2_System_GMM.csv --------"
[1] "X1"              "Private"         "X3"              "Manufacturing"  
[5] "X5"              "Private_1"       "X7"              "Manufacturing_1"
[9] "X9"             
Warning messages:
1: Missing column names filled in: 'X1' [1], 'X3' [3], 'X5' [5], 'X7' [7], 'X9' [9] 
2: Duplicated column names deduplicated: 'Private' => 'Private_1' [6], 'Manufacturing' => 'Manufacturing_1' [8] 
[1] "---------- Saving -------------"
[1] "name"      "type"      "sector"    "value"     "synthetic" "model"    
[7] "country"  
[1] "  ---> saving as reg_can_dyn2_System_gmm"
Parsed with column specification:
cols(
  X1 = col_character(),
  Private = col_character(),
  X3 = col_character(),
  Manufacturing = col_character(),
  X5 = col_character(),
  Private_1 = col_character(),
  X7 = col_character(),
  Manufacturing_1 = col_character(),
  X9 = col_character()
)
[1] "---- reading infile=Regression_coefficients_Dynamic2_System_GMM_MA.csv --------"
[1] "X1"              "Private"         "X3"              "Manufacturing"  
[5] "X5"              "Private_1"       "X7"              "Manufacturing_1"
[9] "X9"             
Warning messages:
1: Missing column names filled in: 'X1' [1], 'X3' [3], 'X5' [5], 'X7' [7], 'X9' [9] 
2: Duplicated column names deduplicated: 'Private' => 'Private_1' [6], 'Manufacturing' => 'Manufacturing_1' [8] 
[1] "---------- Saving -------------"
[1] "name"      "type"      "sector"    "value"     "synthetic" "model"    
[7] "country"  
[1] "  ---> saving as reg_can_dyn2_System_gmm_MA"
Parsed with column specification:
cols(
  `_name` = col_character(),
  Universe = col_character(),
  `Universe-se` = col_character(),
  Universe_1 = col_character(),
  `Universe_1-se` = col_character()
)
[1] "---- reading infile=Regression_coefficients_OLS2_GsynLBD.csv --------"
[1] "_name"         "Universe"      "Universe-se"   "Universe_1"   
[5] "Universe_1-se"
[1] "---------- Saving -------------"
[1] "name"      "type"      "sector"    "value"     "synthetic" "model"    
[7] "country"  
[1] "  ---> saving as reg_ger_OLS2"
Parsed with column specification:
cols(
  `_name` = col_character(),
  Universe = col_character(),
  `Universe-se` = col_character(),
  Universe_1 = col_character(),
  `Universe_1-se` = col_character()
)
[1] "---- reading infile=Regression_coefficients_Dynamic2_GMM_GsynLBD.csv --------"
[1] "_name"         "Universe"      "Universe-se"   "Universe_1"   
[5] "Universe_1-se"
[1] "---------- Saving -------------"
[1] "name"      "type"      "sector"    "value"     "synthetic" "model"    
[7] "country"  
[1] "  ---> saving as reg_ger_dyn2_gmm"
Parsed with column specification:
cols(
  `_name` = col_character(),
  Universe = col_character(),
  `Universe-se` = col_character(),
  Universe_1 = col_character(),
  `Universe_1-se` = col_character()
)
[1] "---- reading infile=Regression_coefficients_Dynamic2_System_GMM_GsynLBD.csv --------"
[1] "_name"         "Universe"      "Universe-se"   "Universe_1"   
[5] "Universe_1-se"
[1] "---------- Saving -------------"
[1] "name"      "type"      "sector"    "value"     "synthetic" "model"    
[7] "country"  
[1] "  ---> saving as reg_ger_dyn2_System_gmm"
Parsed with column specification:
cols(
  `_name` = col_character(),
  Universe = col_character(),
  `Universe-se` = col_character(),
  Universe_1 = col_character(),
  `Universe_1-se` = col_character()
)
[1] "---- reading infile=Regression_coefficients_Dynamic2_System_GMM_MA_GsynLBD.csv --------"
[1] "_name"         "Universe"      "Universe-se"   "Universe_1"   
[5] "Universe_1-se"
[1] "---------- Saving -------------"
[1] "name"      "type"      "sector"    "value"     "synthetic" "model"    
[7] "country"  
[1] "  ---> saving as reg_ger_dyn2_System_gmm_MA"
[1] "reg_can_dyn2_gmm.Rds"           "reg_can_dyn2_System_gmm_MA.Rds"
[3] "reg_can_dyn2_System_gmm.Rds"    "reg_can_OLS2.Rds"              
[5] "reg_ger_dyn2_gmm.Rds"           "reg_ger_dyn2_System_gmm_MA.Rds"
[7] "reg_ger_dyn2_System_gmm.Rds"    "reg_ger_OLS2.Rds"              
