
> library(tidyverse)
── Attaching packages ─────────────────────────────────────── tidyverse 1.3.0 ──
✔ ggplot2 3.2.1     ✔ purrr   0.3.3
✔ tibble  2.1.3     ✔ dplyr   0.8.3
✔ tidyr   1.0.0     ✔ stringr 1.4.0
✔ readr   1.3.1     ✔ forcats 0.4.0
── Conflicts ────────────────────────────────────────── tidyverse_conflicts() ──
✖ dplyr::filter() masks stats::filter()
✖ dplyr::lag()    masks stats::lag()

> library(readr)

> library(here)
here() starts at /mnt/local/slow_home/vilhuber/Workspace-non-encrypted/git/larsvilhuber/SyntheticLEAP

> basedir <- here::here()

> datadir <- file.path(basedir, "data")

> tabledir <- file.path(basedir, "tables")

> figuredir <- file.path(basedir, "r-graphs")

> mysave <- function(object) {
+     name = deparse(substitute(object))
+     print("---------- Saving -------------")
+     print(names(object))
+    .... [TRUNCATED] 
[1] "---------- Saving -------------"
[1] "name"      "type"      "sector"    "value"     "synthetic" "model"    
[7] "country"  
[1] "  ---> saving as all_reg_coeffs"
