
> mran.date <- "2019-12-01"

> options(repos = paste0("https://cran.microsoft.com/snapshot/", 
+     mran.date, "/"))

> library(tidyverse)
── Attaching packages ─────────────────────────────────────── tidyverse 1.3.0 ──
✔ ggplot2 3.3.0     ✔ purrr   0.3.3
✔ tibble  3.0.0     ✔ dplyr   0.8.5
✔ tidyr   1.0.2     ✔ stringr 1.4.0
✔ readr   1.3.1     ✔ forcats 0.5.0
── Conflicts ────────────────────────────────────────── tidyverse_conflicts() ──
✖ dplyr::filter() masks stats::filter()
✖ dplyr::lag()    masks stats::lag()

> library(readr)

> library(here)
here() starts at /mnt/local/slow_home/vilhuber/Workspace-non-encrypted/git/larsvilhuber/SyntheticLEAP

> library(forcats)

> basedir <- here::here()

> datadir <- file.path(basedir, "data")

> tabledir <- file.path(basedir, "tables")

> figuredir <- file.path(basedir, "r-graphs")

> mysave <- function(object) {
+     name = deparse(substitute(object))
+     print("---------- Saving -------------")
+     print(names(object))
+    .... [TRUNCATED] 
Joining, by = c("name", "sector", "model", "country")
[1] "---------- Saving -------------"
[1] "name"          "sector"        "synthetic"     "model"        
[5] "country"       "estimate"      "stderr"        "conf_estimate"
[9] "conf_stderr"  
[1] "  ---> saving as graph_regs_wide"
