
> library(tidyverse)
── Attaching packages ─────────────────────────────────────── tidyverse 1.3.0 ──
✔ ggplot2 3.2.1     ✔ purrr   0.3.3
✔ tibble  2.1.3     ✔ dplyr   0.8.3
✔ tidyr   1.0.0     ✔ stringr 1.4.0
✔ readr   1.3.1     ✔ forcats 0.4.0
── Conflicts ────────────────────────────────────────── tidyverse_conflicts() ──
✖ dplyr::filter() masks stats::filter()
✖ dplyr::lag()    masks stats::lag()

> library(readr)

> library(here)
here() starts at /mnt/local/slow_home/vilhuber/Workspace-non-encrypted/git/larsvilhuber/SyntheticLEAP

> basedir <- here::here()

> datadir <- file.path(basedir, "data")

> tabledir <- file.path(basedir, "tables")

> figuredir <- file.path(basedir, "r-graphs")

> mysave <- function(object) {
+     name = deparse(substitute(object))
+     print("---------- Saving -------------")
+     print(names(object))
+    .... [TRUNCATED] 
[1] "---------- Saving -------------"
 [1] "name"           "sector"         "synthetic"      "model"         
 [5] "country"        "estimate"       "stderr"         "conf_estimate" 
 [9] "conf_stderr"    "Lstar"          "Ustar"          "Lconf"         
[13] "Uconf"          "Uover"          "Lover"          "norm_estimate" 
[17] "std_estimate"   "model_name"     "sector_country" "Jkt"           
[1] "  ---> saving as graph_regs_jkt"
[1] "---------- Saving -------------"
[1] "name"    "Mean"    "Median"  "Maximum"
[1] "  ---> saving as graph_regs_jkt_summary"
# A tibble: 6 x 4
  name                Mean Median Maximum
  <chr>              <dbl>  <dbl>   <dbl>
1 Age 13 or more     -27.2  -11.3   0.321
2 Age 3-4            -30.8  -15.0   0.181
3 Age 5-7            -30.3  -16.3  -0.839
4 Age 8-12           -27.1  -13.4  -0.446
5 AR(1) Coefficient -107.   -47.3  -6.48 
6 Ln Pay            -134.   -52.4  -6.63 

Please cite as: 

 Hlavac, Marek (2018). stargazer: Well-Formatted Regression and Summary Statistics Tables.
 R package version 5.2.2. https://CRAN.R-project.org/package=stargazer 


% Table created by stargazer v.5.2.2 by Marek Hlavac, Harvard University. E-mail: hlavac at fas.harvard.edu
% Date and time: Mon, Feb 10, 2020 - 01:07:33 AM
\begin{table}[!htbp] \centering 
  \caption{Summary of Confidence Interval Overlaps} 
  \label{tab:jkm} 
\begin{tabular}{@{\extracolsep{5pt}} cccc} 
\\[-1.8ex]\hline 
\hline \\[-1.8ex] 
Regressor & Mean & Median & Maximum \\ 
\hline \\[-1.8ex] 
Age 13 or more & -27.24 & -11.322 & 0.321 \\ 
Age 3-4 & -30.759 & -15.007 & 0.181 \\ 
Age 5-7 & -30.342 & -16.265 & -0.839 \\ 
Age 8-12 & -27.085 & -13.432 & -0.446 \\ 
AR(1) Coefficient & -106.96 & -47.275 & -6.483 \\ 
Ln Pay & -133.846 & -52.43 & -6.628 \\ 
\hline \\[-1.8ex] 
\end{tabular} 
\end{table} 
