
> library(tidyverse)
── Attaching packages ─────────────────────────────────────── tidyverse 1.3.0 ──
✔ ggplot2 3.2.1     ✔ purrr   0.3.3
✔ tibble  2.1.3     ✔ dplyr   0.8.3
✔ tidyr   1.0.0     ✔ stringr 1.4.0
✔ readr   1.3.1     ✔ forcats 0.4.0
── Conflicts ────────────────────────────────────────── tidyverse_conflicts() ──
✖ dplyr::filter() masks stats::filter()
✖ dplyr::lag()    masks stats::lag()

> library(readr)

> library(here)
here() starts at /mnt/local/slow_home/vilhuber/Workspace-non-encrypted/git/larsvilhuber/SyntheticLEAP

> basedir <- here::here()

> datadir <- file.path(basedir, "data")

> tabledir <- file.path(basedir, "tables")

> figuredir <- file.path(basedir, "r-graphs")

> mysave <- function(object) {
+     name = deparse(substitute(object))
+     print("---------- Saving -------------")
+     print(names(object))
+    .... [TRUNCATED] 
Parsed with column specification:
cols(
  X1 = col_character(),
  Manufacturing = col_character(),
  X3 = col_character(),
  Private = col_character(),
  X5 = col_character(),
  Manufacturing_1 = col_character(),
  X7 = col_character(),
  Private_1 = col_character(),
  X9 = col_character()
)
Warning messages:
1: Missing column names filled in: 'X1' [1], 'X3' [3], 'X5' [5], 'X7' [7], 'X9' [9] 
2: Duplicated column names deduplicated: 'Manufacturing' => 'Manufacturing_1' [6], 'Private' => 'Private_1' [8] 
Parsed with column specification:
cols(
  X1 = col_character(),
  b = col_double(),
  se = col_double(),
  b_1 = col_double(),
  se_1 = col_double()
)
Warning messages:
1: Missing column names filled in: 'X1' [1] 
2: Duplicated column names deduplicated: 'b' => 'b_1' [4], 'se' => 'se_1' [5] 
Joining, by = c("sector", "model", "country")
Joining, by = c("sector", "model", "country")
[1] "---------- Saving -------------"
 [1] "sector"         "model"          "country"        "pMSE"          
 [5] "k"              "N"              "c"              "pMSE.stdev"    
 [9] "pMSE.exp"       "pMSE.corrected" "pMSE.ratio"    
[1] "  ---> saving as pmse.table"

Please cite as: 

 Hlavac, Marek (2018). stargazer: Well-Formatted Regression and Summary Statistics Tables.
 R package version 5.2.2. https://CRAN.R-project.org/package=stargazer 


% Table created by stargazer v.5.2.2 by Marek Hlavac, Harvard University. E-mail: hlavac at fas.harvard.edu
% Date and time: Mon, Feb 10, 2020 - 12:38:32 AM
\begin{table}[!htbp] \centering 
  \caption{pMSE by sector and country} 
  \label{tab:pmse} 
\begin{tabular}{@{\extracolsep{5pt}} ccccc} 
\\[-1.8ex]\hline 
\hline \\[-1.8ex] 
country & sector & pMSE & pMSE.ratio & pMSE.corrected \\ 
\hline \\[-1.8ex] 
Canada & Manufacturing & 0.0041 & 9196.3451 & 18390.6902 \\ 
Canada & Private & 0.0121 & 419128.5483 & 838255.0966 \\ 
Germany & Universe & 0.0013 & 2758.5428 & 5515.0856 \\ 
\hline \\[-1.8ex] 
\end{tabular} 
\end{table} 
